Performing C++ SOURCE FILE Test CMAKE_HAVE_LIBC_PTHREAD failed with the following output:
Change Dir: /home/terberes/ITProjects/C++/MessengerDesktop/cmake-build-debug/CMakeFiles/CMakeTmp

Run Build Command(s):/usr/bin/make cmTC_bcd2e/fast && /usr/bin/make -f CMakeFiles/cmTC_bcd2e.dir/build.make CMakeFiles/cmTC_bcd2e.dir/build
make[1]: Entering directory '/home/terberes/ITProjects/C++/MessengerDesktop/cmake-build-debug/CMakeFiles/CMakeTmp'
Building CXX object CMakeFiles/cmTC_bcd2e.dir/src.cxx.o
/usr/bin/c++    -DCMAKE_HAVE_LIBC_PTHREAD   -o CMakeFiles/cmTC_bcd2e.dir/src.cxx.o -c /home/terberes/ITProjects/C++/MessengerDesktop/cmake-build-debug/CMakeFiles/CMakeTmp/src.cxx
Linking CXX executable cmTC_bcd2e
/home/terberes/.local/share/JetBrains/Toolbox/apps/CLion/ch-0/201.7846.88/bin/cmake/linux/bin/cmake -E cmake_link_script CMakeFiles/cmTC_bcd2e.dir/link.txt --verbose=1
/usr/bin/c++   -DCMAKE_HAVE_LIBC_PTHREAD    CMakeFiles/cmTC_bcd2e.dir/src.cxx.o  -o cmTC_bcd2e 
/usr/bin/ld: CMakeFiles/cmTC_bcd2e.dir/src.cxx.o: in function `main':
src.cxx:(.text+0x3e): undefined reference to `pthread_create'
/usr/bin/ld: src.cxx:(.text+0x4a): undefined reference to `pthread_detach'
/usr/bin/ld: src.cxx:(.text+0x5b): undefined reference to `pthread_join'
collect2: error: ld returned 1 exit status
make[1]: *** [CMakeFiles/cmTC_bcd2e.dir/build.make:87: cmTC_bcd2e] Error 1
make[1]: Leaving directory '/home/terberes/ITProjects/C++/MessengerDesktop/cmake-build-debug/CMakeFiles/CMakeTmp'
make: *** [Makefile:121: cmTC_bcd2e/fast] Error 2


Source file was:
#include <pthread.h>

void* test_func(void* data)
{
  return data;
}

int main(void)
{
  pthread_t thread;
  pthread_create(&thread, NULL, test_func, NULL);
  pthread_detach(thread);
  pthread_join(thread, NULL);
  pthread_atfork(NULL, NULL, NULL);
  pthread_exit(NULL);

  return 0;
}

Determining if the function pthread_create exists in the pthreads failed with the following output:
Change Dir: /home/terberes/ITProjects/C++/MessengerDesktop/cmake-build-debug/CMakeFiles/CMakeTmp

Run Build Command(s):/usr/bin/make cmTC_bb38d/fast && /usr/bin/make -f CMakeFiles/cmTC_bb38d.dir/build.make CMakeFiles/cmTC_bb38d.dir/build
make[1]: Entering directory '/home/terberes/ITProjects/C++/MessengerDesktop/cmake-build-debug/CMakeFiles/CMakeTmp'
Building CXX object CMakeFiles/cmTC_bb38d.dir/CheckFunctionExists.cxx.o
/usr/bin/c++    -DCHECK_FUNCTION_EXISTS=pthread_create   -o CMakeFiles/cmTC_bb38d.dir/CheckFunctionExists.cxx.o -c /home/terberes/ITProjects/C++/MessengerDesktop/cmake-build-debug/CMakeFiles/CheckLibraryExists/CheckFunctionExists.cxx
Linking CXX executable cmTC_bb38d
/home/terberes/.local/share/JetBrains/Toolbox/apps/CLion/ch-0/201.7846.88/bin/cmake/linux/bin/cmake -E cmake_link_script CMakeFiles/cmTC_bb38d.dir/link.txt --verbose=1
/usr/bin/c++   -DCHECK_FUNCTION_EXISTS=pthread_create    CMakeFiles/cmTC_bb38d.dir/CheckFunctionExists.cxx.o  -o cmTC_bb38d  -lpthreads 
/usr/bin/ld: cannot find -lpthreads
collect2: error: ld returned 1 exit status
make[1]: *** [CMakeFiles/cmTC_bb38d.dir/build.make:87: cmTC_bb38d] Error 1
make[1]: Leaving directory '/home/terberes/ITProjects/C++/MessengerDesktop/cmake-build-debug/CMakeFiles/CMakeTmp'
make: *** [Makefile:121: cmTC_bb38d/fast] Error 2



